[debug] [2022-01-13T00:25:17.851Z] ----------------------------------------------------------------------
[debug] [2022-01-13T00:25:17.856Z] Command:       C:\Program Files\nodejs\node.exe C:\Users\dell\AppData\Roaming\npm\node_modules\firebase-tools\lib\bin\firebase.js init
[debug] [2022-01-13T00:25:17.856Z] CLI Version:   10.0.1
[debug] [2022-01-13T00:25:17.857Z] Platform:      win32
[debug] [2022-01-13T00:25:17.857Z] Node Version:  v14.17.0
[debug] [2022-01-13T00:25:17.858Z] Time:          Thu Jan 13 2022 00:25:17 GMT+0000 (Greenwich Mean Time)
[debug] [2022-01-13T00:25:17.859Z] ----------------------------------------------------------------------
[debug] 
[debug] [2022-01-13T00:25:17.862Z] >>> [apiv2][query] GET https://firebase-public.firebaseio.com/cli.json [none]
[debug] [2022-01-13T00:25:17.901Z] > command requires scopes: ["email","openid","https://www.googleapis.com/auth/cloudplatformprojects.readonly","https://www.googleapis.com/auth/firebase","https://www.googleapis.com/auth/cloud-platform"]
[debug] [2022-01-13T00:25:17.901Z] > authorizing via signed-in user (abbasgure@googlemail.com)
[info] 
     ######## #### ########  ######## ########     ###     ######  ########
     ##        ##  ##     ## ##       ##     ##  ##   ##  ##       ##
     ######    ##  ########  ######   ########  #########  ######  ######
     ##        ##  ##    ##  ##       ##     ## ##     ##       ## ##
     ##       #### ##     ## ######## ########  ##     ##  ######  ########

You're about to initialize a Firebase project in this directory:

  C:\Users\dell\Desktop\VS Code Projects\envirweb

[debug] [2022-01-13T00:25:18.314Z] <<< [apiv2][status] GET https://firebase-public.firebaseio.com/cli.json 200
[debug] [2022-01-13T00:25:18.315Z] <<< [apiv2][body] GET https://firebase-public.firebaseio.com/cli.json {"cloudBuildErrorAfter":1594252800000,"cloudBuildWarnAfter":1590019200000,"defaultNode10After":1594252800000,"minVersion":"3.0.5","node8DeploysDisabledAfter":1613390400000,"node8RuntimeDisabledAfter":1615809600000,"node8WarnAfter":1600128000000}
